<?xml version="1.0" encoding="UTF-8"?>
<robot generator="Robot 4.0.1 (Python 3.8.2 on win32)" generated="20210425 14:02:45.859" rpa="false" schemaversion="2">
<suite id="s1" name="Tests" source="C:\development\robot-scripts\RedditQA\Tests">
<kw name="Set up Environment Variables" type="SETUP">
<doc>Calling EnvironmentVar.py file from ExternalKeywords Folder</doc>
<kw name="Environment Variable Setup" library="EnvironmentVar">
<msg timestamp="20210425 14:02:45.931" level="INFO">C:\development\robot-scripts\RedditQA\Browsers
PATH value is C:\development\robot-scripts\RedditQA\Browsers</msg>
<status status="PASS" starttime="20210425 14:02:45.930" endtime="20210425 14:02:45.931"/>
</kw>
<status status="PASS" starttime="20210425 14:02:45.930" endtime="20210425 14:02:45.931"/>
</kw>
<suite id="s1-s1" name="RedditMain" source="C:\development\robot-scripts\RedditQA\Tests\RedditMain.robot">
<kw name="Begin Web Test" library="CommonWeb" type="SETUP">
<kw name="Get Selection From User" library="Dialogs">
<var>${value}</var>
<arg>Select Browser</arg>
<arg>Begin Web Test with Chrome Browser</arg>
<arg>Begin Web Test with headlessChrome</arg>
<doc>Pauses test execution and asks user to select a value.</doc>
<msg timestamp="20210425 14:02:49.039" level="INFO">${value} = Begin Web Test with Chrome Browser</msg>
<status status="PASS" starttime="20210425 14:02:46.301" endtime="20210425 14:02:49.039"/>
</kw>
<kw name="Run Keyword" library="BuiltIn">
<arg>${value}</arg>
<doc>Executes the given keyword with the given arguments.</doc>
<kw name="Begin Web Test with Chrome Browser" library="CommonWeb">
<doc>Begin Test with launching Chrome Browser by disabling browser Notifications</doc>
<kw name="Evaluate" library="BuiltIn">
<var>${options}</var>
<arg>sys.modules['selenium.webdriver.chrome.options'].Options()</arg>
<arg>sys</arg>
<doc>Evaluates the given expression in Python and returns the result.</doc>
<msg timestamp="20210425 14:02:49.042" level="INFO">${options} = &lt;selenium.webdriver.chrome.options.Options object at 0x000001F7AA261B80&gt;</msg>
<status status="PASS" starttime="20210425 14:02:49.041" endtime="20210425 14:02:49.042"/>
</kw>
<kw name="Call Method" library="BuiltIn">
<arg>${options}</arg>
<arg>add_argument</arg>
<arg>--disable-notifications</arg>
<doc>Calls the named method of the given object with the provided arguments.</doc>
<status status="PASS" starttime="20210425 14:02:49.042" endtime="20210425 14:02:49.043"/>
</kw>
<kw name="Create Webdriver" library="SeleniumLibrary">
<var>${driver}</var>
<arg>Chrome</arg>
<arg>options=${options}</arg>
<doc>Creates an instance of Selenium WebDriver.</doc>
<msg timestamp="20210425 14:02:49.044" level="INFO">Creating an instance of the Chrome WebDriver.</msg>
<msg timestamp="20210425 14:02:50.341" level="INFO">${driver} = 1</msg>
<status status="PASS" starttime="20210425 14:02:49.043" endtime="20210425 14:02:50.341"/>
</kw>
<kw name="Go To" library="SeleniumLibrary">
<arg>${URL}</arg>
<doc>Navigates the current browser window to the provided ``url``.</doc>
<msg timestamp="20210425 14:02:50.341" level="INFO">Opening url 'http://www.reddit.com'</msg>
<status status="PASS" starttime="20210425 14:02:50.341" endtime="20210425 14:02:57.453"/>
</kw>
<kw name="Maximize Browser Window" library="SeleniumLibrary">
<doc>Maximizes current browser window.</doc>
<status status="PASS" starttime="20210425 14:02:57.453" endtime="20210425 14:02:57.657"/>
</kw>
<kw name="Sleep" library="BuiltIn">
<arg>2sec</arg>
<doc>Pauses the test executed for the given time.</doc>
<msg timestamp="20210425 14:02:59.670" level="INFO">Slept 2 seconds</msg>
<status status="PASS" starttime="20210425 14:02:57.657" endtime="20210425 14:02:59.670"/>
</kw>
<status status="PASS" starttime="20210425 14:02:49.041" endtime="20210425 14:02:59.670"/>
</kw>
<status status="PASS" starttime="20210425 14:02:49.040" endtime="20210425 14:02:59.670"/>
</kw>
<status status="PASS" starttime="20210425 14:02:46.301" endtime="20210425 14:02:59.671"/>
</kw>
<test id="s1-s1-t1" name="As a user, I can log in">
<kw name="Click on Login Button" library="Login">
<kw name="Click Element" library="SeleniumLibrary">
<arg>${LOGIN_BTN}</arg>
<doc>Click the element identified by ``locator``.</doc>
<msg timestamp="20210425 14:02:59.673" level="INFO">Clicking element 'xpath=//a[text()="Log In"]'.</msg>
<status status="PASS" starttime="20210425 14:02:59.673" endtime="20210425 14:03:00.208"/>
</kw>
<kw name="Sleep" library="BuiltIn">
<arg>5sec</arg>
<doc>Pauses the test executed for the given time.</doc>
<msg timestamp="20210425 14:03:05.218" level="INFO">Slept 5 seconds</msg>
<status status="PASS" starttime="20210425 14:03:00.209" endtime="20210425 14:03:05.218"/>
</kw>
<status status="PASS" starttime="20210425 14:02:59.672" endtime="20210425 14:03:05.219"/>
</kw>
<kw name="Enter Username, Password and Click on Login Button" library="Login">
<kw name="Get File" library="OperatingSystem">
<var>${json}</var>
<arg>./JsonFiles/TestData.json</arg>
<doc>Returns the contents of a specified file.</doc>
<msg timestamp="20210425 14:03:05.221" level="INFO" html="true">Getting file '&lt;a href="file://C:\development\robot-scripts\RedditQA\JsonFiles\TestData.json"&gt;C:\development\robot-scripts\RedditQA\JsonFiles\TestData.json&lt;/a&gt;'.</msg>
<msg timestamp="20210425 14:03:05.223" level="INFO">${json} = {
  "username": "mavdabbler",
  "password": "Y)CKdt7jWg24a.q8"
}</msg>
<status status="PASS" starttime="20210425 14:03:05.221" endtime="20210425 14:03:05.223"/>
</kw>
<kw name="Evaluate" library="BuiltIn">
<var>${object}</var>
<arg>json.loads('''${json}''')</arg>
<arg>json</arg>
<doc>Evaluates the given expression in Python and returns the result.</doc>
<msg timestamp="20210425 14:03:05.225" level="INFO">${object} = {'username': 'mavdabbler', 'password': 'Y)CKdt7jWg24a.q8'}</msg>
<status status="PASS" starttime="20210425 14:03:05.224" endtime="20210425 14:03:05.225"/>
</kw>
<kw name="Select Frame" library="SeleniumLibrary">
<arg>${LOGIN_IFRAME}</arg>
<doc>Sets frame identified by ``locator`` as the current frame.</doc>
<msg timestamp="20210425 14:03:05.225" level="INFO">Selecting frame 'css=#SHORTCUT_FOCUSABLE_DIV &gt; div:nth-child(6) &gt; div._1UtFUrE2ijAe5ba5uPgcfQ &gt; div &gt; iframe'.</msg>
<status status="PASS" starttime="20210425 14:03:05.225" endtime="20210425 14:03:05.300"/>
</kw>
<kw name="Input Text" library="SeleniumLibrary">
<arg>${USERNAME}</arg>
<arg>${object["username"]}</arg>
<doc>Types the given ``text`` into the text field identified by ``locator``.</doc>
<msg timestamp="20210425 14:03:05.301" level="INFO">Typing text 'mavdabbler' into text field 'name=username'.</msg>
<status status="PASS" starttime="20210425 14:03:05.300" endtime="20210425 14:03:05.419"/>
</kw>
<kw name="Input Text" library="SeleniumLibrary">
<arg>${PASSWORD}</arg>
<arg>${object["password"]}</arg>
<doc>Types the given ``text`` into the text field identified by ``locator``.</doc>
<msg timestamp="20210425 14:03:05.421" level="INFO">Typing text 'Y)CKdt7jWg24a.q8' into text field 'id=loginPassword'.</msg>
<status status="PASS" starttime="20210425 14:03:05.419" endtime="20210425 14:03:05.585"/>
</kw>
<kw name="Set Focus To Element" library="SeleniumLibrary">
<arg>${LOGIN_BTN_IFRAME}</arg>
<doc>Sets the focus to the element identified by ``locator``.</doc>
<status status="PASS" starttime="20210425 14:03:05.585" endtime="20210425 14:03:05.622"/>
</kw>
<kw name="Click Element" library="SeleniumLibrary">
<arg>${LOGIN_BTN_IFRAME}</arg>
<doc>Click the element identified by ``locator``.</doc>
<msg timestamp="20210425 14:03:05.622" level="INFO">Clicking element 'xpath=(//button[@type="submit"])[1]'.</msg>
<status status="PASS" starttime="20210425 14:03:05.622" endtime="20210425 14:03:05.742"/>
</kw>
<kw name="Sleep" library="BuiltIn">
<arg>5sec</arg>
<doc>Pauses the test executed for the given time.</doc>
<msg timestamp="20210425 14:03:10.749" level="INFO">Slept 5 seconds</msg>
<status status="PASS" starttime="20210425 14:03:05.742" endtime="20210425 14:03:10.749"/>
</kw>
<status status="PASS" starttime="20210425 14:03:05.220" endtime="20210425 14:03:10.750"/>
</kw>
<doc>User Should be Able to Login</doc>
<status status="PASS" starttime="20210425 14:02:59.671" endtime="20210425 14:03:10.750"/>
</test>
<test id="s1-s1-t2" name="As a user, I am able to view one of my subscribed subreddits">
<kw name="Navigate to subreddit MavericksDnD" library="SubReddit">
<doc>User moves to subreddit MavericksDnD and verifies correct landing</doc>
<kw name="Click Element" library="SeleniumLibrary">
<arg>${HOME_DROPDOWN}</arg>
<doc>Click the element identified by ``locator``.</doc>
<msg timestamp="20210425 14:03:10.755" level="INFO">Clicking element 'xpath=//button[@class="h-jI8r2f9ozTNqu_2TBeY"]'.</msg>
<status status="PASS" starttime="20210425 14:03:10.754" endtime="20210425 14:03:13.617"/>
</kw>
<kw name="Click Link" library="SeleniumLibrary">
<arg>${SUBREDDIT_MAVERICKDnD}</arg>
<doc>Clicks a link identified by ``locator``.</doc>
<msg timestamp="20210425 14:03:13.618" level="INFO">Clicking link 'xpath=//a[@aria-label="r/MavericksDnD"]'.</msg>
<status status="PASS" starttime="20210425 14:03:13.617" endtime="20210425 14:03:14.135"/>
</kw>
<kw name="Sleep" library="BuiltIn">
<arg>3sec</arg>
<doc>Pauses the test executed for the given time.</doc>
<msg timestamp="20210425 14:03:17.151" level="INFO">Slept 3 seconds</msg>
<status status="PASS" starttime="20210425 14:03:14.136" endtime="20210425 14:03:17.151"/>
</kw>
<kw name="Wait Until Page Contains Element" library="SeleniumLibrary">
<arg>${SUBREDDIT_LABEL}</arg>
<doc>Waits until the element ``locator`` appears on the current page.</doc>
<status status="PASS" starttime="20210425 14:03:17.151" endtime="20210425 14:03:17.191"/>
</kw>
<kw name="Get Text" library="SeleniumLibrary">
<var>${ElementText}</var>
<arg>${SUBREDDIT_LABEL}</arg>
<doc>Returns the text value of the element identified by ``locator``.</doc>
<msg timestamp="20210425 14:03:17.264" level="INFO">${ElementText} = For the Mavericks Dudes and Dudettes</msg>
<status status="PASS" starttime="20210425 14:03:17.191" endtime="20210425 14:03:17.264"/>
</kw>
<kw name="Should Be Equal As Strings" library="BuiltIn">
<arg>${ElementText}</arg>
<arg>${VERIFY_LABEL}</arg>
<arg>ignore_case=true</arg>
<doc>Fails if objects are unequal after converting them to strings.</doc>
<status status="PASS" starttime="20210425 14:03:17.264" endtime="20210425 14:03:17.265"/>
</kw>
<kw name="Sleep" library="BuiltIn">
<arg>3sec</arg>
<doc>Pauses the test executed for the given time.</doc>
<msg timestamp="20210425 14:03:20.278" level="INFO">Slept 3 seconds</msg>
<status status="PASS" starttime="20210425 14:03:17.265" endtime="20210425 14:03:20.278"/>
</kw>
<status status="PASS" starttime="20210425 14:03:10.754" endtime="20210425 14:03:20.279"/>
</kw>
<doc>User should land on to one of the subreddit, here its MavericksDnD and verify correct Landing</doc>
<status status="PASS" starttime="20210425 14:03:10.752" endtime="20210425 14:03:20.279"/>
</test>
<test id="s1-s1-t3" name="As a user, I am able to Create and Comment post">
<kw name="Create Post with Current Time and Date" library="PostCreateAndComment">
<doc>Create a post. The Post should have the current date time and my name.
Eg: “25 Jan 2018 3:30 pm Ramiz Wahab”</doc>
<kw name="TimeStamp" library="PostCreateAndComment">
<var>${date_time}</var>
<doc>Get Current Date and Time in Desired Format</doc>
<kw name="Get Current Date" library="DateTime">
<var>${current_date_time}</var>
<doc>Returns current local or UTC time with an optional increment.</doc>
<msg timestamp="20210425 14:03:20.287" level="INFO">${current_date_time} = 2021-04-25 14:03:20.286</msg>
<status status="PASS" starttime="20210425 14:03:20.286" endtime="20210425 14:03:20.287"/>
</kw>
<kw name="Convert Date" library="DateTime">
<var>${converted_date_time}</var>
<arg>${current_date_time}</arg>
<arg>result_format=%d %b %Y %I:%M %p Ramiz Wahab</arg>
<doc>Converts between supported `date formats`.</doc>
<msg timestamp="20210425 14:03:20.294" level="INFO">${converted_date_time} = 25 Apr 2021 02:03 PM Ramiz Wahab</msg>
<status status="PASS" starttime="20210425 14:03:20.287" endtime="20210425 14:03:20.294"/>
</kw>
<kw name="Return From Keyword" library="BuiltIn">
<arg>${converted_date_time}</arg>
<doc>Returns from the enclosing user keyword.</doc>
<msg timestamp="20210425 14:03:20.295" level="INFO">Returning from the enclosing user keyword.</msg>
<status status="PASS" starttime="20210425 14:03:20.295" endtime="20210425 14:03:20.296"/>
</kw>
<msg timestamp="20210425 14:03:20.296" level="INFO">${date_time} = 25 Apr 2021 02:03 PM Ramiz Wahab</msg>
<status status="PASS" starttime="20210425 14:03:20.285" endtime="20210425 14:03:20.296"/>
</kw>
<kw name="Set Selenium Speed" library="SeleniumLibrary">
<arg>5 seconds</arg>
<doc>Sets the delay that is waited after each Selenium command.</doc>
<status status="PASS" starttime="20210425 14:03:20.296" endtime="20210425 14:03:20.297"/>
</kw>
<kw name="Click Element" library="SeleniumLibrary">
<arg>${CREATE_POST_BTN}</arg>
<doc>Click the element identified by ``locator``.</doc>
<msg timestamp="20210425 14:03:20.298" level="INFO">Clicking element 'xpath=//input[@placeholder="Create Post"]'.</msg>
<status status="PASS" starttime="20210425 14:03:20.297" endtime="20210425 14:03:30.484"/>
</kw>
<kw name="Click Element" library="SeleniumLibrary">
<arg>${CREATE_POST_TITLE_CLK}</arg>
<doc>Click the element identified by ``locator``.</doc>
<msg timestamp="20210425 14:03:30.485" level="INFO">Clicking element 'xpath=//div[@class="_2wyvfFW3oNcCs5GVkmcJ8z"]'.</msg>
<status status="PASS" starttime="20210425 14:03:30.484" endtime="20210425 14:03:40.573"/>
</kw>
<kw name="Input Text" library="SeleniumLibrary">
<arg>${CREATE_POST_TITLE}</arg>
<arg>${date_time}</arg>
<doc>Types the given ``text`` into the text field identified by ``locator``.</doc>
<msg timestamp="20210425 14:03:40.574" level="INFO">Typing text '25 Apr 2021 02:03 PM Ramiz Wahab' into text field 'xpath=//textarea[@placeholder="Title"]'.</msg>
<status status="PASS" starttime="20210425 14:03:40.573" endtime="20210425 14:03:55.992"/>
</kw>
<kw name="Click Element" library="SeleniumLibrary">
<arg>${CREATE_POST_TXT}</arg>
<doc>Click the element identified by ``locator``.</doc>
<msg timestamp="20210425 14:03:55.993" level="INFO">Clicking element 'xpath=//div[@role="textbox"]'.</msg>
<status status="PASS" starttime="20210425 14:03:55.992" endtime="20210425 14:04:06.113"/>
</kw>
<kw name="Input Text" library="SeleniumLibrary">
<arg>${CREATE_POST_TXT}</arg>
<arg>This is a Test Post</arg>
<doc>Types the given ``text`` into the text field identified by ``locator``.</doc>
<msg timestamp="20210425 14:04:06.114" level="INFO">Typing text 'This is a Test Post' into text field 'xpath=//div[@role="textbox"]'.</msg>
<status status="PASS" starttime="20210425 14:04:06.113" endtime="20210425 14:04:21.778"/>
</kw>
<kw name="Click Element" library="SeleniumLibrary">
<arg>${POST_BTN}</arg>
<doc>Click the element identified by ``locator``.</doc>
<msg timestamp="20210425 14:04:21.779" level="INFO">Clicking element 'xpath=//button[@class="_18Bo5Wuo3tMV-RDB8-kh8Z _2iuoyPiKHN3kfOoeIQalDT _10BQ7pjWbeYP63SAPNS8Ts HNozj_dKjQZ59ZsfEegz8 "]'.</msg>
<status status="PASS" starttime="20210425 14:04:21.778" endtime="20210425 14:04:31.905"/>
</kw>
<status status="PASS" starttime="20210425 14:03:20.284" endtime="20210425 14:04:31.905"/>
</kw>
<kw name="Comment on Post with Current Time and Date" library="PostCreateAndComment">
<doc>Create a comment on a post. The comment should have the current date time and my name.
Eg: “25 Jan 2018 3:30 pm Ramiz Wahab”</doc>
<kw name="TimeStamp" library="PostCreateAndComment">
<var>${date_time}</var>
<doc>Get Current Date and Time in Desired Format</doc>
<kw name="Get Current Date" library="DateTime">
<var>${current_date_time}</var>
<doc>Returns current local or UTC time with an optional increment.</doc>
<msg timestamp="20210425 14:04:31.907" level="INFO">${current_date_time} = 2021-04-25 14:04:31.907</msg>
<status status="PASS" starttime="20210425 14:04:31.906" endtime="20210425 14:04:31.907"/>
</kw>
<kw name="Convert Date" library="DateTime">
<var>${converted_date_time}</var>
<arg>${current_date_time}</arg>
<arg>result_format=%d %b %Y %I:%M %p Ramiz Wahab</arg>
<doc>Converts between supported `date formats`.</doc>
<msg timestamp="20210425 14:04:31.908" level="INFO">${converted_date_time} = 25 Apr 2021 02:04 PM Ramiz Wahab</msg>
<status status="PASS" starttime="20210425 14:04:31.907" endtime="20210425 14:04:31.908"/>
</kw>
<kw name="Return From Keyword" library="BuiltIn">
<arg>${converted_date_time}</arg>
<doc>Returns from the enclosing user keyword.</doc>
<msg timestamp="20210425 14:04:31.908" level="INFO">Returning from the enclosing user keyword.</msg>
<status status="PASS" starttime="20210425 14:04:31.908" endtime="20210425 14:04:31.908"/>
</kw>
<msg timestamp="20210425 14:04:31.908" level="INFO">${date_time} = 25 Apr 2021 02:04 PM Ramiz Wahab</msg>
<status status="PASS" starttime="20210425 14:04:31.906" endtime="20210425 14:04:31.908"/>
</kw>
<kw name="Set Selenium Speed" library="SeleniumLibrary">
<arg>5 seconds</arg>
<doc>Sets the delay that is waited after each Selenium command.</doc>
<status status="PASS" starttime="20210425 14:04:31.908" endtime="20210425 14:04:31.909"/>
</kw>
<kw name="Click Element" library="SeleniumLibrary">
<arg>${CREATE_POST_TXT}</arg>
<doc>Click the element identified by ``locator``.</doc>
<msg timestamp="20210425 14:04:31.909" level="INFO">Clicking element 'xpath=//div[@role="textbox"]'.</msg>
<status status="PASS" starttime="20210425 14:04:31.909" endtime="20210425 14:04:42.010"/>
</kw>
<kw name="Input Text" library="SeleniumLibrary">
<arg>${CREATE_POST_TXT}</arg>
<arg>${date_time}</arg>
<doc>Types the given ``text`` into the text field identified by ``locator``.</doc>
<msg timestamp="20210425 14:04:42.011" level="INFO">Typing text '25 Apr 2021 02:04 PM Ramiz Wahab' into text field 'xpath=//div[@role="textbox"]'.</msg>
<status status="PASS" starttime="20210425 14:04:42.010" endtime="20210425 14:04:57.783"/>
</kw>
<kw name="Click Element" library="SeleniumLibrary">
<arg>${COMMENT_POST_BTN}</arg>
<doc>Click the element identified by ``locator``.</doc>
<msg timestamp="20210425 14:04:57.784" level="INFO">Clicking element 'xpath=//button[@type="submit"]'.</msg>
<status status="PASS" starttime="20210425 14:04:57.783" endtime="20210425 14:05:07.895"/>
</kw>
<status status="PASS" starttime="20210425 14:04:31.906" endtime="20210425 14:05:07.895"/>
</kw>
<doc>This test case is for the user to create a comment on a post. The comment should have the current date time and my name.
Eg: “25 Jan 2018 3:30 pm Ramiz Wahab”</doc>
<status status="PASS" starttime="20210425 14:03:20.282" endtime="20210425 14:05:07.896"/>
</test>
<test id="s1-s1-t4" name="As a user, I am able to upvote and downvote my comments.">
<kw name="Upvote a Comment" library="PostCreateAndComment">
<doc>Upvote the comment</doc>
<kw name="Click Element" library="SeleniumLibrary">
<arg>${UPVOTE_COMMENT}</arg>
<doc>Click the element identified by ``locator``.</doc>
<msg timestamp="20210425 14:05:07.902" level="INFO">Clicking element 'xpath=(//i[@class="icon icon-upvote _2Jxk822qXs4DaXwsN7yyHA"])[2]'.</msg>
<status status="PASS" starttime="20210425 14:05:07.901" endtime="20210425 14:05:18.020"/>
</kw>
<status status="PASS" starttime="20210425 14:05:07.900" endtime="20210425 14:05:18.020"/>
</kw>
<kw name="Downvote a Comment" library="PostCreateAndComment">
<doc>Downvote the comment</doc>
<kw name="Click Element" library="SeleniumLibrary">
<arg>${DOWNVOTE_COMMENT}</arg>
<doc>Click the element identified by ``locator``.</doc>
<msg timestamp="20210425 14:05:18.021" level="INFO">Clicking element 'xpath=(//i[@class="icon icon-downvote ZyxIIl4FP5gHGrJDzNpUC"])[2]'.</msg>
<status status="PASS" starttime="20210425 14:05:18.021" endtime="20210425 14:05:28.154"/>
</kw>
<status status="PASS" starttime="20210425 14:05:18.021" endtime="20210425 14:05:28.155"/>
</kw>
<doc>Test case is for Upvoting and Downvoting a comment</doc>
<status status="PASS" starttime="20210425 14:05:07.898" endtime="20210425 14:05:28.155"/>
</test>
<kw name="End Web Test" library="CommonWeb" type="TEARDOWN">
<doc>Closing all instances of Browser</doc>
<kw name="Close All Browsers" library="SeleniumLibrary">
<doc>Closes all open browsers and resets the browser cache.</doc>
<status status="PASS" starttime="20210425 14:05:28.159" endtime="20210425 14:05:35.296"/>
</kw>
<status status="PASS" starttime="20210425 14:05:28.159" endtime="20210425 14:05:35.296"/>
</kw>
<doc>Objective of this Assignment is: Write an automated functional UI test suite to test reddit.com.
I have used Chrome browser in Normal as well as Headless Mode.</doc>
<status status="PASS" starttime="20210425 14:02:45.931" endtime="20210425 14:05:35.296"/>
</suite>
<kw name="Reset Environment Variables" type="TEARDOWN">
<kw name="Log" library="BuiltIn">
<arg>Reset Complete</arg>
<doc>Logs the given message with the given level.</doc>
<msg timestamp="20210425 14:05:35.304" level="INFO">Reset Complete</msg>
<status status="PASS" starttime="20210425 14:05:35.303" endtime="20210425 14:05:35.304"/>
</kw>
<status status="PASS" starttime="20210425 14:05:35.302" endtime="20210425 14:05:35.304"/>
</kw>
<doc>Objective of this Assignment is: Write an automated functional UI test suite to test reddit.com.
This File sets up the Environment Variables for the entire suite for execution
This file makes a call to the Python file present in ExternalKeywords Folder</doc>
<status status="PASS" starttime="20210425 14:02:45.861" endtime="20210425 14:05:35.304"/>
</suite>
<statistics>
<total>
<stat pass="4" fail="0" skip="0">All Tests</stat>
</total>
<tag>
</tag>
<suite>
<stat pass="4" fail="0" skip="0" id="s1" name="Tests">Tests</stat>
<stat pass="4" fail="0" skip="0" id="s1-s1" name="RedditMain">Tests.RedditMain</stat>
</suite>
</statistics>
<errors>
<msg timestamp="20210425 14:02:46.243" level="ERROR">Error in file 'C:\development\robot-scripts\RedditQA\Tests\RedditMain.robot' on line 11: Setting 'Suite Setup' is not allowed in resource file.</msg>
<msg timestamp="20210425 14:02:46.245" level="ERROR">Error in file 'C:\development\robot-scripts\RedditQA\Tests\RedditMain.robot' on line 12: Setting 'Suite Teardown' is not allowed in resource file.</msg>
<msg timestamp="20210425 14:02:46.245" level="ERROR">Error in file 'C:\development\robot-scripts\RedditQA\PageObjects\CommonWeb.robot' on line 5: Error in file 'C:\development\robot-scripts\RedditQA\Tests\RedditMain.robot' on line 20: Resource file with 'Test Cases' section is invalid.</msg>
</errors>
</robot>
